Hint: * Converting file C:\[Works]\[Programming for DesktopPC]\[Delphi]\Completed Projects\LotteryGenerator\Unit1.pas *
Hint: * Repairing form file C:\[Works]\[Programming for DesktopPC]\[Delphi]\Completed Projects\LotteryGenerator\Unit1.lfm *
Hint: Removed property "TextHeight".
Hint: Removed property "PixelsPerInch".
Hint: Removed property "DesignSize".
Hint: Removed property "OldCreateOrder".
Hint: Removed property "Icon.Data".
Hint: Removed property "Font.Style".
Hint: Removed property "Font.Name".
Hint: Removed property "Font.Height".
Hint: Removed property "Font.Color".
Hint: Removed property "Font.Charset".
Hint: Removed property "Color".
Hint: Removed property "ClientWidth".
Hint: Removed property "ClientHeight".
Hint: Removed property "Caption".
Hint: Removed property "BorderStyle".
Hint: Removed property "BorderIcons".
Hint: Removed property "Top".
Hint: Removed property "Left".
Hint: Conversion Aborted.
